[ 2016-03-24T19:01:54+08:00 ] ::1 /myblog/
INFO: [ app_init ] --START--
INFO: Run Behavior\BuildLiteBehavior [ RunTime:0.000018s ]
INFO: [ app_init ] --END-- [ RunTime:0.063775s ]
INFO: [ app_begin ] --START--
INFO: Run Behavior\ReadHtmlCacheBehavior [ RunTime:0.015233s ]
INFO: [ app_begin ] --END-- [ RunTime:0.015318s ]
INFO: [ view_parse ] --START--
INFO: [ template_filter ] --START--
INFO: Run Behavior\ContentReplaceBehavior [ RunTime:0.020499s ]
INFO: [ template_filter ] --END-- [ RunTime:0.020605s ]
INFO: Run Behavior\ParseTemplateBehavior [ RunTime:0.091979s ]
INFO: [ view_parse ] --END-- [ RunTime:0.092076s ]
INFO: [ view_filter ] --START--
INFO: Run Behavior\WriteHtmlCacheBehavior [ RunTime:0.015244s ]
INFO: [ view_filter ] --END-- [ RunTime:0.015333s ]
INFO: [ app_end ] --START--
INFO: Run Behavior\ShowPageTraceBehavior [ RunTime:0.010382s ]
INFO: [ app_end ] --END-- [ RunTime:0.010455s ]

[ 2016-03-24T20:09:42+08:00 ] ::1 /myblog/
INFO: [ app_init ] --START--
INFO: Run Behavior\BuildLiteBehavior [ RunTime:0.000026s ]
INFO: [ app_init ] --END-- [ RunTime:0.043978s ]
INFO: [ app_begin ] --START--
INFO: Run Behavior\ReadHtmlCacheBehavior [ RunTime:0.047292s ]
INFO: [ app_begin ] --END-- [ RunTime:0.047381s ]
INFO: [ view_parse ] --START--
INFO: [ template_filter ] --START--
INFO: Run Behavior\ContentReplaceBehavior [ RunTime:0.000126s ]
INFO: [ template_filter ] --END-- [ RunTime:0.000218s ]
INFO: Run Behavior\ParseTemplateBehavior [ RunTime:0.238288s ]
INFO: [ view_parse ] --END-- [ RunTime:0.238345s ]
INFO: [ view_filter ] --START--
INFO: Run Behavior\WriteHtmlCacheBehavior [ RunTime:0.034813s ]
INFO: [ view_filter ] --END-- [ RunTime:0.034980s ]
INFO: [ app_end ] --START--
INFO: Run Behavior\ShowPageTraceBehavior [ RunTime:0.032349s ]
INFO: [ app_end ] --END-- [ RunTime:0.032424s ]

