[ 2016-03-24T20:26:34+08:00 ] ::1 /myblog/index.php/static/h-ui/css/H-ui.admin.css
ERR: цЧац│ХхКаш╜╜цибхЭ[ 2016-03-24T20:26:34+08:00 ] ::1 /myblog/index.php/welcome.html
ERR: цЧац│ХхКаш╜╜цибхЭЧ:Welcome

[ 2016-03-24T20:26:34+08:00 ] ::1 /myblog/index.php/static/h-ui/skin/default/skin.css
ERR: цЧац│ХхКаш╜╜цибхЭЧ:Static

[ 2016-03-24T20:26:34+08:00 ] ::1 /myblog/index.php/static/h-ui/css/H-ui.min.css
ERR: цЧац│ХхКаш╜╜цибхЭЧ:Static

[ 2016-03-24T20:26:34+08:00 ] ::1 /myblog/index.php/lib/Hui-iconfont/1.0.7/iconfont.css
ERR: цЧац│ХхКаш╜╜цибхЭЧ:Lib

[ 2016-03-24T20:26:34+08:00 ] ::1 /myblog/index.php/static/h-ui/css/style.css
ERR: цЧац│ХхКаш╜╜цибхЭЧ:Static

[ 2016-03-24T20:26:34+08:00 ] ::1 /myblog/index.php/lib/layer/2.1/layer.js
ERR: цЧац│ХхКаш╜╜цибхЭЧ:Lib

[ 2016-03-24T20:26:34+08:00 ] ::1 /myblog/index.php/lib/jquery/1.9.1/jquery.min.js
ERR: цЧац│ХхКаш╜╜цибхЭЧ:Lib

[ 2016-03-24T20:26:34+08:00 ] ::1 /myblog/index.php/static/h-ui/js/H-ui.admin.js
ERR: цЧац│ХхКаш╜╜цибхЭЧ:Static

[ 2016-03-24T20:26:34+08:00 ] ::1 /myblog/index.php/static/h-ui/js/H-ui.js
ERR: цЧац│ХхКаш╜╜цибхЭЧ:Static

[ 2016-03-24T20:26:41+08:00 ] ::1 /myblog/index.php/lib/Hui-iconfont/1.0.7/iconfont.css
ERR: цЧац│ХхКаш╜╜цибхЭЧ:Lib

[ 2016-03-24T20:26:41+08:00 ] ::1 /myblog/index.php/static/h-ui/css/H-ui.min.css
ERR: цЧац│ХхКаш╜╜цибхЭЧ:Static

[ 2016-03-24T20:26:41+08:00 ] ::1 /myblog/index.php/static/h-ui/css/H-ui.admin.css
ERR: цЧац│ХхКаш╜╜цибхЭЧ:Static

[ 2016-03-24T20:26:41+08:00 ] ::1 /myblog/index.php/static/h-ui/css/style.css
ERR: цЧац│ХхКаш╜╜цибхЭЧ:Static

[ 2016-03-24T20:26:41+08:00 ] ::1 /myblog/index.php/static/h-ui/skin/default/skin.css
ERR: цЧац│ХхКаш╜╜цибхЭЧ:Static

[ 2016-03-24T20:26:41+08:00 ] ::1 /myblog/index.php/lib/icheck/icheck.css
ERR: цЧац│ХхКаш╜╜цибхЭЧ:Lib

[ 2016-03-24T20:26:46+08:00 ] ::1 /myblog/index.php/static/h-ui/css/H-ui.min.css
ERR: цЧац│ХхКаш╜╜цибхЭЧ:Static

[ 2016-03-24T20:26:46+08:00 ] ::1 /myblog/index.php/lib/icheck/icheck.css
ERR: цЧац│ХхКаш╜╜цибхЭЧ:Lib

[ 2016-03-24T20:26:46+08:00 ] ::1 /myblog/index.php/lib/Hui-iconfont/1.0.7/iconfont.css
ERR: цЧац│ХхКаш╜╜цибхЭЧ:Lib

[ 2016-03-24T20:26:46+08:00 ] ::1 /myblog/index.php/static/h-ui/skin/default/skin.css
ERR: цЧац│ХхКаш╜╜цибхЭЧ:Static

[ 2016-03-24T20:26:46+08:00 ] ::1 /myblog/index.php/lib/jquery/1.9.1/jquery.min.js
ERR: цЧац│ХхКаш╜╜цибхЭЧ:Lib

[ 2016-03-24T20:26:46+08:00 ] ::1 /myblog/index.php/lib/layer/2.1/layer.js
ERR: цЧац│ХхКаш╜╜цибхЭЧ:Lib

[ 2016-03-24T20:26:46+08:00 ] ::1 /myblog/index.php/static/h-ui/css/style.css
ERR: цЧац│ХхКаш╜╜цибхЭЧ:Static

[ 2016-03-24T20:26:46+08:00 ] ::1 /myblog/index.php/static/h-ui/js/H-ui.admin.js
ERR: цЧац│ХхКаш╜╜цибхЭЧ:Static

[ 2016-03-24T20:26:47+08:00 ] ::1 /myblog/index.php/static/h-ui/css/H-ui.admin.css
ERR: цЧац│ХхКаш╜╜цибхЭЧ:Static

[ 2016-03-24T20:26:47+08:00 ] ::1 /myblog/index.php/welcome.html
ERR: цЧац│ХхКаш╜╜цибхЭЧ:Welcome

[ 2016-03-24T20:26:47+08:00 ] ::1 /myblog/index.php/static/h-ui/js/H-ui.js
ERR: цЧац│ХхКаш╜╜цибхЭЧ:Static

[ 2016-03-24T20:27:53+08:00 ] ::1 /myblog/index.php/static/h-ui/css/H-ui.min.css
ERR: цЧац│ХхКаш╜╜цибхЭЧ:Static

[ 2016-03-24T20:27:53+08:00 ] ::1 /myblog/index.php/static/h-ui/css/H-ui.admin.css
ERR: цЧац│ХхКаш╜╜цибхЭЧ:Static

[ 2016-03-24T20:27:53+08:00 ] ::1 /myblog/index.php/lib/icheck/icheck.css
ERR: цЧац│ХхКаш╜╜цибхЭЧ:Lib

[ 2016-03-24T20:27:53+08:00 ] ::1 /myblog/index.php/lib/jquery/1.9.1/jquery.min.js
ERR: цЧац│ХхКаш╜╜цибхЭЧ:Lib

[ 2016-03-24T20:27:53+08:00 ] ::1 /myblog/index.php/welcome.html
ERR: цЧац│ХхКаш╜╜цибхЭЧ:Welcome

[ 2016-03-24T20:27:53+08:00 ] ::1 /myblog/index.php/lib/layer/2.1/layer.js
ERR: цЧац│ХхКаш╜╜цибхЭЧ:Lib

[ 2016-03-24T20:27:53+08:00 ] ::1 /myblog/index.php/static/h-ui/js/H-ui.js
ERR: цЧац│ХхКаш╜╜цибхЭЧ:Static

[ 2016-03-24T20:27:53+08:00 ] ::1 /myblog/index.php/static/h-ui/js/H-ui.admin.js
ERR: цЧац│ХхКаш╜╜цибхЭЧ:Static

[ 2016-03-24T20:27:53+08:00 ] ::1 /myblog/index.php/static/h-ui/css/style.css
ERR: цЧац│ХхКаш╜╜цибхЭЧ:Static

[ 2016-03-24T20:27:53+08:00 ] ::1 /myblog/index.php/lib/Hui-iconfont/1.0.7/iconfont.css
ERR: цЧац│ХхКаш╜╜цибхЭЧ:Lib

[ 2016-03-24T20:27:53+08:00 ] ::1 /myblog/index.php/static/h-ui/skin/default/skin.css
ERR: цЧац│ХхКаш╜╜цибхЭЧ:Static

[ 2016-03-24T20:29:56+08:00 ] ::1 /myblog/index.php/welcome.html
ERR: цЧац│ХхКаш╜╜цибхЭЧ:Welcome

[ 2016-03-24T20:29:56+08:00 ] ::1 /myblog/index.php/lib/jquery/1.9.1/jquery.min.js
ERR: цЧац│ХхКаш╜╜цибхЭЧ:Lib

[ 2016-03-24T20:29:56+08:00 ] ::1 /myblog/index.php/lib/layer/2.1/layer.js
ERR: цЧац│ХхКаш╜╜цибхЭЧ:Lib

[ 2016-03-24T20:29:56+08:00 ] ::1 /myblog/index.php/static/h-ui/js/H-ui.js
ERR: цЧац│ХхКаш╜╜цибхЭЧ:Static

[ 2016-03-24T20:29:56+08:00 ] ::1 /myblog/index.php/static/h-ui/js/H-ui.admin.js
ERR: цЧац│ХхКаш╜╜цибхЭЧ:Static

[ 2016-03-24T20:31:11+08:00 ] ::1 /myblog/index.php/welcome.html
ERR: цЧац│ХхКаш╜╜цибхЭЧ:Welcome

[ 2016-03-24T20:31:11+08:00 ] ::1 /myblog/index.php/static/h-ui/js/H-ui.js
ERR: цЧац│ХхКаш╜╜цибхЭЧ:Static

[ 2016-03-24T20:31:11+08:00 ] ::1 /myblog/index.php/lib/layer/2.1/layer.js
ERR: цЧац│ХхКаш╜╜цибхЭЧ:Lib

[ 2016-03-24T20:31:11+08:00 ] ::1 /myblog/index.php/static/h-ui/js/H-ui.admin.js
ERR: цЧац│ХхКаш╜╜цибхЭЧ:Static

[ 2016-03-24T20:31:28+08:00 ] ::1 /myblog/index.php/welcome.html
ERR: цЧац│ХхКаш╜╜цибхЭЧ:Welcome

[ 2016-03-24T20:32:54+08:00 ] ::1 /myblog/index.php/welcome.html
ERR: цЧац│ХхКаш╜╜цибхЭЧ:Welcome

[ 2016-03-24T20:33:13+08:00 ] ::1 /myblog/index.php/welcome.html
ERR: цЧац│ХхКаш╜╜цибхЭЧ:Welcome

[ 2016-03-24T20:34:22+08:00 ] ::1 /myblog/index.php/welcome.html
ERR: цЧац│ХхКаш╜╜цибхЭЧ:Welcome

[ 2016-03-24T20:35:35+08:00 ] ::1 /myblog/index.php/welcome.html
ERR: цЧац│ХхКаш╜╜цибхЭЧ:Welcome

[ 2016-03-24T20:36:33+08:00 ] ::1 /myblog/index.php/welcome.html
ERR: цЧац│ХхКаш╜╜цибхЭЧ:Welcome

[ 2016-03-24T20:36:56+08:00 ] ::1 /myblog/index.php/welcome.html
ERR: цЧац│ХхКаш╜╜цибхЭЧ:Welcome

